<?xml version="1.0" encoding="UTF-8"?>
<testng-results skipped="0" failed="0" total="2" passed="2">
  <reporter-output>
  </reporter-output>
  <suite name="Suite" duration-ms="40864" started-at="2021-02-26T14:49:33Z" finished-at="2021-02-26T14:50:14Z">
    <groups>
    </groups>
    <test name="Test" duration-ms="40864" started-at="2021-02-26T14:49:33Z" finished-at="2021-02-26T14:50:14Z">
      <class name="Test.Planeacion_Txt">
        <test-method status="PASS" signature="CargaPlan(java.lang.String, java.lang.String, java.lang.String, java.lang.String, java.lang.String)[pri:0, instance:Test.Planeacion_Txt@1a20270e]" name="CargaPlan" duration-ms="21140" started-at="2021-02-26T08:49:50Z" data-provider="UsersandTxt" finished-at="2021-02-26T08:50:11Z">
          <params>
            <param index="0">
              <value>
                <![CDATA[Alveg]]>
              </value>
            </param>
            <param index="1">
              <value>
                <![CDATA[admin_alveg]]>
              </value>
            </param>
            <param index="2">
              <value>
                <![CDATA[Password123$]]>
              </value>
            </param>
            <param index="3">
              <value>
                <![CDATA[C:\Users\jtoledo\Documents\TXT CARGA DE CITA\1ESTANDAR\ALVEG.txt]]>
              </value>
            </param>
            <param index="4">
              <value>
                <![CDATA[https://13092.qa.rcontrol.com.mx/corp/index.html]]>
              </value>
            </param>
          </params>
          <reporter-output>
          </reporter-output>
        </test-method> <!-- CargaPlan -->
        <test-method status="PASS" signature="ResultadoPlanTxt(org.testng.ITestResult)[pri:0, instance:Test.Planeacion_Txt@1a20270e]" name="ResultadoPlanTxt" is-config="true" duration-ms="2319" started-at="2021-02-26T08:50:11Z" finished-at="2021-02-26T08:50:13Z">
          <params>
            <param index="0">
              <value>
                <![CDATA[[TestResult name=CargaPlan status=SUCCESS method=Planeacion_Txt.CargaPlan(java.lang.String, java.lang.String, java.lang.String, java.lang.String, java.lang.String)[pri:0, instance:Test.Planeacion_Txt@1a20270e] output={null}]]]>
              </value>
            </param>
          </params>
          <reporter-output>
          </reporter-output>
        </test-method> <!-- ResultadoPlanTxt -->
        <test-method status="PASS" signature="afterClass()[pri:0, instance:Test.Planeacion_Txt@1a20270e]" name="afterClass" is-config="true" duration-ms="678" started-at="2021-02-26T08:50:13Z" finished-at="2021-02-26T08:50:14Z">
          <reporter-output>
          </reporter-output>
        </test-method> <!-- afterClass -->
      </class> <!-- Test.Planeacion_Txt -->
      <class name="Test.Global">
        <test-method status="PASS" signature="beforeSuite()[pri:0, instance:Test.Global@539d019]" name="beforeSuite" is-config="true" duration-ms="0" started-at="2021-02-26T08:49:33Z" finished-at="2021-02-26T08:49:33Z">
          <reporter-output>
          </reporter-output>
        </test-method> <!-- beforeSuite -->
        <test-method status="PASS" signature="beforeTest()[pri:0, instance:Test.Global@539d019]" name="beforeTest" is-config="true" duration-ms="0" started-at="2021-02-26T08:49:33Z" finished-at="2021-02-26T08:49:33Z">
          <reporter-output>
          </reporter-output>
        </test-method> <!-- beforeTest -->
        <test-method status="PASS" signature="beforeClass()[pri:0, instance:Test.Global@539d019]" name="beforeClass" is-config="true" duration-ms="0" started-at="2021-02-26T08:49:33Z" finished-at="2021-02-26T08:49:33Z">
          <reporter-output>
          </reporter-output>
        </test-method> <!-- beforeClass -->
        <test-method status="PASS" signature="beforeMethod()[pri:0, instance:Test.Global@539d019]" name="beforeMethod" is-config="true" duration-ms="16493" started-at="2021-02-26T08:49:33Z" finished-at="2021-02-26T08:49:50Z">
          <reporter-output>
          </reporter-output>
        </test-method> <!-- beforeMethod -->
        <test-method status="PASS" signature="testeo()[pri:0, instance:Test.Global@539d019]" name="testeo" duration-ms="1" started-at="2021-02-26T08:49:50Z" finished-at="2021-02-26T08:49:50Z">
          <reporter-output>
          </reporter-output>
        </test-method> <!-- testeo -->
        <test-method status="PASS" signature="afterClass()[pri:0, instance:Test.Global@539d019]" name="afterClass" is-config="true" duration-ms="0" started-at="2021-02-26T08:49:50Z" finished-at="2021-02-26T08:49:50Z">
          <reporter-output>
          </reporter-output>
        </test-method> <!-- afterClass -->
        <test-method status="PASS" signature="afterMethod()[pri:0, instance:Test.Global@539d019]" name="afterMethod" is-config="true" duration-ms="0" started-at="2021-02-26T08:49:50Z" finished-at="2021-02-26T08:49:50Z">
          <reporter-output>
          </reporter-output>
        </test-method> <!-- afterMethod -->
        <test-method status="PASS" signature="afterTest()[pri:0, instance:Test.Global@539d019]" name="afterTest" is-config="true" duration-ms="1" started-at="2021-02-26T08:50:14Z" finished-at="2021-02-26T08:50:14Z">
          <reporter-output>
          </reporter-output>
        </test-method> <!-- afterTest -->
        <test-method status="PASS" signature="testend()[pri:0, instance:Test.Planeacion_Txt@1a20270e]" name="testend" is-config="true" duration-ms="196" started-at="2021-02-26T08:50:14Z" finished-at="2021-02-26T08:50:14Z">
          <reporter-output>
          </reporter-output>
        </test-method> <!-- testend -->
        <test-method status="PASS" signature="afterSuite()[pri:0, instance:Test.Global@539d019]" name="afterSuite" is-config="true" duration-ms="0" started-at="2021-02-26T08:50:14Z" finished-at="2021-02-26T08:50:14Z">
          <reporter-output>
          </reporter-output>
        </test-method> <!-- afterSuite -->
      </class> <!-- Test.Global -->
    </test> <!-- Test -->
  </suite> <!-- Suite -->
</testng-results>
