<?xml version="1.0" encoding="UTF-8"?>
<testng-results skipped="0" failed="1" total="2" passed="1">
  <reporter-output>
  </reporter-output>
  <suite name="Suite" duration-ms="144327" started-at="2021-02-09T00:05:00Z" finished-at="2021-02-09T00:07:24Z">
    <groups>
    </groups>
    <test name="Test" duration-ms="144327" started-at="2021-02-09T00:05:00Z" finished-at="2021-02-09T00:07:24Z">
      <class name="Test.Global">
        <test-method status="PASS" signature="beforeSuite()[pri:0, instance:Test.Global@40005471]" name="beforeSuite" is-config="true" duration-ms="9" started-at="2021-02-08T18:05:00Z" finished-at="2021-02-08T18:05:00Z">
          <reporter-output>
          </reporter-output>
        </test-method> <!-- beforeSuite -->
        <test-method status="PASS" signature="beforeTest()[pri:0, instance:Test.Global@40005471]" name="beforeTest" is-config="true" duration-ms="1" started-at="2021-02-08T18:05:00Z" finished-at="2021-02-08T18:05:00Z">
          <reporter-output>
          </reporter-output>
        </test-method> <!-- beforeTest -->
        <test-method status="PASS" signature="beforeClass()[pri:0, instance:Test.Global@40005471]" name="beforeClass" is-config="true" duration-ms="2" started-at="2021-02-08T18:05:00Z" finished-at="2021-02-08T18:05:00Z">
          <reporter-output>
          </reporter-output>
        </test-method> <!-- beforeClass -->
        <test-method status="PASS" signature="beforeMethod()[pri:0, instance:Test.Global@40005471]" name="beforeMethod" is-config="true" duration-ms="141646" started-at="2021-02-08T18:05:00Z" finished-at="2021-02-08T18:07:21Z">
          <reporter-output>
          </reporter-output>
        </test-method> <!-- beforeMethod -->
        <test-method status="PASS" signature="testeo()[pri:0, instance:Test.Global@40005471]" name="testeo" duration-ms="3" started-at="2021-02-08T18:07:21Z" finished-at="2021-02-08T18:07:21Z">
          <reporter-output>
          </reporter-output>
        </test-method> <!-- testeo -->
        <test-method status="PASS" signature="afterMethod()[pri:0, instance:Test.Global@40005471]" name="afterMethod" is-config="true" duration-ms="0" started-at="2021-02-08T18:07:21Z" finished-at="2021-02-08T18:07:21Z">
          <reporter-output>
          </reporter-output>
        </test-method> <!-- afterMethod -->
        <test-method status="PASS" signature="afterClass()[pri:0, instance:Test.Global@40005471]" name="afterClass" is-config="true" duration-ms="0" started-at="2021-02-08T18:07:21Z" finished-at="2021-02-08T18:07:21Z">
          <reporter-output>
          </reporter-output>
        </test-method> <!-- afterClass -->
        <test-method status="PASS" signature="afterTest()[pri:0, instance:Test.Global@40005471]" name="afterTest" is-config="true" duration-ms="0" started-at="2021-02-08T18:07:24Z" finished-at="2021-02-08T18:07:24Z">
          <reporter-output>
          </reporter-output>
        </test-method> <!-- afterTest -->
        <test-method status="PASS" signature="testend()[pri:0, instance:Test.Login@2a5c8d3f]" name="testend" is-config="true" duration-ms="1" started-at="2021-02-08T18:07:24Z" finished-at="2021-02-08T18:07:24Z">
          <reporter-output>
          </reporter-output>
        </test-method> <!-- testend -->
        <test-method status="PASS" signature="afterSuite()[pri:0, instance:Test.Global@40005471]" name="afterSuite" is-config="true" duration-ms="0" started-at="2021-02-08T18:07:24Z" finished-at="2021-02-08T18:07:24Z">
          <reporter-output>
          </reporter-output>
        </test-method> <!-- afterSuite -->
      </class> <!-- Test.Global -->
      <class name="Test.Login">
        <test-method status="PASS" signature="beforeClass()[pri:0, instance:Test.Login@2a5c8d3f]" name="beforeClass" is-config="true" duration-ms="1951" started-at="2021-02-08T18:07:21Z" finished-at="2021-02-08T18:07:23Z">
          <reporter-output>
          </reporter-output>
        </test-method> <!-- beforeClass -->
        <test-method status="FAIL" signature="Loginm(java.lang.String, java.lang.String, java.lang.String, java.lang.String)[pri:0, instance:Test.Login@2a5c8d3f]" name="Loginm" duration-ms="0" started-at="2021-02-08T18:07:23Z" data-provider="Usuarios" finished-at="2021-02-08T18:07:23Z">
          <exception class="java.lang.RuntimeException">
            <message>
              <![CDATA[java.lang.NullPointerException]]>
            </message>
            <full-stacktrace>
              <![CDATA[java.lang.RuntimeException: java.lang.NullPointerException
	at org.testng.internal.MethodInvocationHelper.invokeDataProvider(MethodInvocationHelper.java:143)
	at org.testng.internal.Parameters.handleParameters(Parameters.java:426)
	at org.testng.internal.Invoker.handleParameters(Invoker.java:1383)
	at org.testng.internal.Invoker.createParameters(Invoker.java:1075)
	at org.testng.internal.Invoker.invokeTestMethods(Invoker.java:1180)
	at org.testng.internal.TestMethodWorker.invokeTestMethods(TestMethodWorker.java:127)
	at org.testng.internal.TestMethodWorker.run(TestMethodWorker.java:111)
	at org.testng.TestRunner.privateRun(TestRunner.java:767)
	at org.testng.TestRunner.run(TestRunner.java:617)
	at org.testng.SuiteRunner.runTest(SuiteRunner.java:334)
	at org.testng.SuiteRunner.runSequentially(SuiteRunner.java:329)
	at org.testng.SuiteRunner.privateRun(SuiteRunner.java:291)
	at org.testng.SuiteRunner.run(SuiteRunner.java:240)
	at org.testng.SuiteRunnerWorker.runSuite(SuiteRunnerWorker.java:52)
	at org.testng.SuiteRunnerWorker.run(SuiteRunnerWorker.java:86)
	at org.testng.TestNG.runSuitesSequentially(TestNG.java:1198)
	at org.testng.TestNG.runSuitesLocally(TestNG.java:1123)
	at org.testng.TestNG.run(TestNG.java:1031)
	at org.apache.maven.surefire.testng.TestNGExecutor.run(TestNGExecutor.java:284)
	at org.apache.maven.surefire.testng.TestNGXmlTestSuite.execute(TestNGXmlTestSuite.java:75)
	at org.apache.maven.surefire.testng.TestNGProvider.invoke(TestNGProvider.java:119)
	at org.apache.maven.surefire.booter.ForkedBooter.runSuitesInProcess(ForkedBooter.java:428)
	at org.apache.maven.surefire.booter.ForkedBooter.execute(ForkedBooter.java:162)
	at org.apache.maven.surefire.booter.ForkedBooter.run(ForkedBooter.java:562)
	at org.apache.maven.surefire.booter.ForkedBooter.main(ForkedBooter.java:548)
Caused by: java.lang.NullPointerException
	at Adicional.LeerJson.arregloUsuarios(LeerJson.java:35)
	at Adicional.Data_Provider.getUsers(Data_Provider.java:18)
	at sun.reflect.NativeMethodAccessorImpl.invoke0(Native Method)
	at sun.reflect.NativeMethodAccessorImpl.invoke(NativeMethodAccessorImpl.java:62)
	at sun.reflect.DelegatingMethodAccessorImpl.invoke(DelegatingMethodAccessorImpl.java:43)
	at java.lang.reflect.Method.invoke(Method.java:498)
	at org.testng.internal.MethodInvocationHelper.invokeMethod(MethodInvocationHelper.java:80)
	at org.testng.internal.MethodInvocationHelper.invokeDataProvider(MethodInvocationHelper.java:135)
	... 24 more
]]>
            </full-stacktrace>
          </exception> <!-- java.lang.RuntimeException -->
          <reporter-output>
          </reporter-output>
        </test-method> <!-- Loginm -->
        <test-method status="PASS" signature="afterClass()[pri:0, instance:Test.Login@2a5c8d3f]" name="afterClass" is-config="true" duration-ms="709" started-at="2021-02-08T18:07:23Z" finished-at="2021-02-08T18:07:24Z">
          <reporter-output>
          </reporter-output>
        </test-method> <!-- afterClass -->
      </class> <!-- Test.Login -->
    </test> <!-- Test -->
  </suite> <!-- Suite -->
</testng-results>
